0 info it worked if it ends with ok
1 verbose cli [ '/Users/yangchongduo/.nvm/versions/node/v6.10.3/bin/node',
1 verbose cli   '/Users/yangchongduo/.nvm/versions/node/v6.10.3/bin/npm',
1 verbose cli   'run',
1 verbose cli   'webpack1' ]
2 info using npm@3.10.10
3 info using node@v6.10.3
4 verbose run-script [ 'prewebpack1', 'webpack1', 'postwebpack1' ]
5 info lifecycle webpack_test@1.0.0~prewebpack1: webpack_test@1.0.0
6 silly lifecycle webpack_test@1.0.0~prewebpack1: no script for prewebpack1, continuing
7 info lifecycle webpack_test@1.0.0~webpack1: webpack_test@1.0.0
8 verbose lifecycle webpack_test@1.0.0~webpack1: unsafe-perm in lifecycle true
9 verbose lifecycle webpack_test@1.0.0~webpack1: PATH: /Users/yangchongduo/.nvm/versions/node/v6.10.3/lib/node_modules/npm/bin/node-gyp-bin:/Users/yangchongduo/Documents/webpack2/node_modules/.bin:/Users/yangchongduo/.yarn/bin:/Users/yangchongduo/.nvm/versions/node/v6.10.3/bin:/usr/local/bin:/usr/bin:/bin:/usr/sbin:/sbin:/usr/local/mongodb/bin
10 verbose lifecycle webpack_test@1.0.0~webpack1: CWD: /Users/yangchongduo/Documents/webpack2
11 silly lifecycle webpack_test@1.0.0~webpack1: Args: [ '-c', 'webpack --config ./webpack.config.1.js' ]
12 silly lifecycle webpack_test@1.0.0~webpack1: Returned: code: 2  signal: null
13 info lifecycle webpack_test@1.0.0~webpack1: Failed to exec webpack1 script
14 verbose stack Error: webpack_test@1.0.0 webpack1: `webpack --config ./webpack.config.1.js`
14 verbose stack Exit status 2
14 verbose stack     at EventEmitter.<anonymous> (/Users/yangchongduo/.nvm/versions/node/v6.10.3/lib/node_modules/npm/lib/utils/lifecycle.js:255:16)
14 verbose stack     at emitTwo (events.js:106:13)
14 verbose stack     at EventEmitter.emit (events.js:191:7)
14 verbose stack     at ChildProcess.<anonymous> (/Users/yangchongduo/.nvm/versions/node/v6.10.3/lib/node_modules/npm/lib/utils/spawn.js:40:14)
14 verbose stack     at emitTwo (events.js:106:13)
14 verbose stack     at ChildProcess.emit (events.js:191:7)
14 verbose stack     at maybeClose (internal/child_process.js:886:16)
14 verbose stack     at Process.ChildProcess._handle.onexit (internal/child_process.js:226:5)
15 verbose pkgid webpack_test@1.0.0
16 verbose cwd /Users/yangchongduo/Documents/webpack2
17 error Darwin 16.4.0
18 error argv "/Users/yangchongduo/.nvm/versions/node/v6.10.3/bin/node" "/Users/yangchongduo/.nvm/versions/node/v6.10.3/bin/npm" "run" "webpack1"
19 error node v6.10.3
20 error npm  v3.10.10
21 error code ELIFECYCLE
22 error webpack_test@1.0.0 webpack1: `webpack --config ./webpack.config.1.js`
22 error Exit status 2
23 error Failed at the webpack_test@1.0.0 webpack1 script 'webpack --config ./webpack.config.1.js'.
23 error Make sure you have the latest version of node.js and npm installed.
23 error If you do, this is most likely a problem with the webpack_test package,
23 error not with npm itself.
23 error Tell the author that this fails on your system:
23 error     webpack --config ./webpack.config.1.js
23 error You can get information on how to open an issue for this project with:
23 error     npm bugs webpack_test
23 error Or if that isn't available, you can get their info via:
23 error     npm owner ls webpack_test
23 error There is likely additional logging output above.
24 verbose exit [ 1, true ]
